TN:
SF:src/router.tsx
FNF:0
FNH:0
DA:8,1
DA:31,1
LF:2
LH:2
BRF:0
BRH:0
end_of_record
TN:
SF:src/pages/Chat.tsx
FN:1,Chat
FNF:1
FNH:1
FNDA:1,Chat
DA:2,1
LF:1
LH:1
BRF:0
BRH:0
end_of_record
TN:
SF:src/pages/Home.tsx
FN:1,Home
FNF:1
FNH:1
FNDA:1,Home
DA:2,1
LF:1
LH:1
BRF:0
BRH:0
end_of_record
TN:
SF:src/pages/Login.tsx
FN:1,Login
FNF:1
FNH:1
FNDA:1,Login
DA:2,1
LF:1
LH:1
BRF:0
BRH:0
end_of_record
TN:
SF:src/pages/Register.tsx
FN:1,Register
FNF:1
FNH:1
FNDA:1,Register
DA:2,1
LF:1
LH:1
BRF:0
BRH:0
end_of_record
TN:
SF:src/pages/Settings.tsx
FN:1,Settings
FNF:1
FNH:1
FNDA:1,Settings
DA:2,1
LF:1
LH:1
BRF:0
BRH:0
end_of_record
